Analysis & Synthesis report for whack_a_mole
Wed Mar 28 14:52:52 2018
Quartus Prime Version 17.1.0 Build 590 10/25/2017 SJ Lite Edition


---------------------
; Table of Contents ;
---------------------
  1. Legal Notice
  2. Analysis & Synthesis Summary
  3. Analysis & Synthesis Settings
  4. Parallel Compilation
  5. Source assignments for vga_adapter:VGA|altsyncram:VideoMemory|altsyncram_9hg1:auto_generated
  6. Parameter Settings for User Entity Instance: vga_adapter:VGA
  7. Parameter Settings for User Entity Instance: vga_adapter:VGA|vga_address_translator:user_input_translator
  8. Parameter Settings for User Entity Instance: vga_adapter:VGA|altsyncram:VideoMemory
  9. Parameter Settings for User Entity Instance: vga_adapter:VGA|vga_pll:mypll|altpll:altpll_component
 10. Parameter Settings for User Entity Instance: vga_adapter:VGA|vga_controller:controller
 11. Parameter Settings for User Entity Instance: vga_adapter:VGA|vga_controller:controller|vga_address_translator:controller_translator
 12. Port Connectivity Checks: "RateDivider:RD"
 13. Port Connectivity Checks: "datapath:gameModule|LFSR_random_number:r"
 14. Port Connectivity Checks: "datapath:gameModule|RateDivider:RD"
 15. Port Connectivity Checks: "vga_adapter:VGA"
 16. Analysis & Synthesis Messages
 17. Analysis & Synthesis Suppressed Messages



----------------
; Legal Notice ;
----------------
Copyright (C) 2017  Intel Corporation. All rights reserved.
Your use of Intel Corporation's design tools, logic functions 
and other software and tools, and its AMPP partner logic 
functions, and any output files from any of the foregoing 
(including device programming or simulation files), and any 
associated documentation or information are expressly subject 
to the terms and conditions of the Intel Program License 
Subscription Agreement, the Intel Quartus Prime License Agreement,
the Intel FPGA IP License Agreement, or other applicable license
agreement, including, without limitation, that your use is for
the sole purpose of programming logic devices manufactured by
Intel and sold by Intel or its authorized distributors.  Please
refer to the applicable agreement for further details.



+----------------------------------------------------------------------------------+
; Analysis & Synthesis Summary                                                     ;
+------------------------------------+---------------------------------------------+
; Analysis & Synthesis Status        ; Failed - Wed Mar 28 14:52:52 2018           ;
; Quartus Prime Version              ; 17.1.0 Build 590 10/25/2017 SJ Lite Edition ;
; Revision Name                      ; whack_a_mole                                ;
; Top-level Entity Name              ; whack_a_mole                                ;
; Family                             ; Cyclone IV E                                ;
; Total logic elements               ; N/A until Partition Merge                   ;
;     Total combinational functions  ; N/A until Partition Merge                   ;
;     Dedicated logic registers      ; N/A until Partition Merge                   ;
; Total registers                    ; N/A until Partition Merge                   ;
; Total pins                         ; N/A until Partition Merge                   ;
; Total virtual pins                 ; N/A until Partition Merge                   ;
; Total memory bits                  ; N/A until Partition Merge                   ;
; Embedded Multiplier 9-bit elements ; N/A until Partition Merge                   ;
; Total PLLs                         ; N/A until Partition Merge                   ;
+------------------------------------+---------------------------------------------+


+----------------------------------------------------------------------------------------------------------------------+
; Analysis & Synthesis Settings                                                                                        ;
+----------------------------------------------------------------------------+--------------------+--------------------+
; Option                                                                     ; Setting            ; Default Value      ;
+----------------------------------------------------------------------------+--------------------+--------------------+
; Device                                                                     ; EP4CE115F29C7      ;                    ;
; Top-level entity name                                                      ; whack_a_mole       ; whack_a_mole       ;
; Family name                                                                ; Cyclone IV E       ; Cyclone V          ;
; Use smart compilation                                                      ; Off                ; Off                ;
; Enable parallel Assembler and TimeQuest Timing Analyzer during compilation ; On                 ; On                 ;
; Enable compact report table                                                ; Off                ; Off                ;
; Restructure Multiplexers                                                   ; Auto               ; Auto               ;
; Create Debugging Nodes for IP Cores                                        ; Off                ; Off                ;
; Preserve fewer node names                                                  ; On                 ; On                 ;
; Intel FPGA IP Evaluation Mode                                              ; Enable             ; Enable             ;
; Verilog Version                                                            ; Verilog_2001       ; Verilog_2001       ;
; VHDL Version                                                               ; VHDL_1993          ; VHDL_1993          ;
; State Machine Processing                                                   ; Auto               ; Auto               ;
; Safe State Machine                                                         ; Off                ; Off                ;
; Extract Verilog State Machines                                             ; On                 ; On                 ;
; Extract VHDL State Machines                                                ; On                 ; On                 ;
; Ignore Verilog initial constructs                                          ; Off                ; Off                ;
; Iteration limit for constant Verilog loops                                 ; 5000               ; 5000               ;
; Iteration limit for non-constant Verilog loops                             ; 250                ; 250                ;
; Add Pass-Through Logic to Inferred RAMs                                    ; On                 ; On                 ;
; Infer RAMs from Raw Logic                                                  ; On                 ; On                 ;
; Parallel Synthesis                                                         ; On                 ; On                 ;
; DSP Block Balancing                                                        ; Auto               ; Auto               ;
; NOT Gate Push-Back                                                         ; On                 ; On                 ;
; Power-Up Don't Care                                                        ; On                 ; On                 ;
; Remove Redundant Logic Cells                                               ; Off                ; Off                ;
; Remove Duplicate Registers                                                 ; On                 ; On                 ;
; Ignore CARRY Buffers                                                       ; Off                ; Off                ;
; Ignore CASCADE Buffers                                                     ; Off                ; Off                ;
; Ignore GLOBAL Buffers                                                      ; Off                ; Off                ;
; Ignore ROW GLOBAL Buffers                                                  ; Off                ; Off                ;
; Ignore LCELL Buffers                                                       ; Off                ; Off                ;
; Ignore SOFT Buffers                                                        ; On                 ; On                 ;
; Limit AHDL Integers to 32 Bits                                             ; Off                ; Off                ;
; Optimization Technique                                                     ; Balanced           ; Balanced           ;
; Carry Chain Length                                                         ; 70                 ; 70                 ;
; Auto Carry Chains                                                          ; On                 ; On                 ;
; Auto Open-Drain Pins                                                       ; On                 ; On                 ;
; Perform WYSIWYG Primitive Resynthesis                                      ; Off                ; Off                ;
; Auto ROM Replacement                                                       ; On                 ; On                 ;
; Auto RAM Replacement                                                       ; On                 ; On                 ;
; Auto DSP Block Replacement                                                 ; On                 ; On                 ;
; Auto Shift Register Replacement                                            ; Auto               ; Auto               ;
; Allow Shift Register Merging across Hierarchies                            ; Auto               ; Auto               ;
; Auto Clock Enable Replacement                                              ; On                 ; On                 ;
; Strict RAM Replacement                                                     ; Off                ; Off                ;
; Allow Synchronous Control Signals                                          ; On                 ; On                 ;
; Force Use of Synchronous Clear Signals                                     ; Off                ; Off                ;
; Auto RAM Block Balancing                                                   ; On                 ; On                 ;
; Auto RAM to Logic Cell Conversion                                          ; Off                ; Off                ;
; Auto Resource Sharing                                                      ; Off                ; Off                ;
; Allow Any RAM Size For Recognition                                         ; Off                ; Off                ;
; Allow Any ROM Size For Recognition                                         ; Off                ; Off                ;
; Allow Any Shift Register Size For Recognition                              ; Off                ; Off                ;
; Use LogicLock Constraints during Resource Balancing                        ; On                 ; On                 ;
; Ignore translate_off and synthesis_off directives                          ; Off                ; Off                ;
; Timing-Driven Synthesis                                                    ; On                 ; On                 ;
; Report Parameter Settings                                                  ; On                 ; On                 ;
; Report Source Assignments                                                  ; On                 ; On                 ;
; Report Connectivity Checks                                                 ; On                 ; On                 ;
; Ignore Maximum Fan-Out Assignments                                         ; Off                ; Off                ;
; Synchronization Register Chain Length                                      ; 2                  ; 2                  ;
; Power Optimization During Synthesis                                        ; Normal compilation ; Normal compilation ;
; HDL message level                                                          ; Level2             ; Level2             ;
; Suppress Register Optimization Related Messages                            ; Off                ; Off                ;
; Number of Removed Registers Reported in Synthesis Report                   ; 5000               ; 5000               ;
; Number of Swept Nodes Reported in Synthesis Report                         ; 5000               ; 5000               ;
; Number of Inverted Registers Reported in Synthesis Report                  ; 100                ; 100                ;
; Clock MUX Protection                                                       ; On                 ; On                 ;
; Auto Gated Clock Conversion                                                ; Off                ; Off                ;
; Block Design Naming                                                        ; Auto               ; Auto               ;
; SDC constraint protection                                                  ; Off                ; Off                ;
; Synthesis Effort                                                           ; Auto               ; Auto               ;
; Shift Register Replacement - Allow Asynchronous Clear Signal               ; On                 ; On                 ;
; Pre-Mapping Resynthesis Optimization                                       ; Off                ; Off                ;
; Analysis & Synthesis Message Level                                         ; Medium             ; Medium             ;
; Disable Register Merging Across Hierarchies                                ; Auto               ; Auto               ;
; Resource Aware Inference For Block RAM                                     ; On                 ; On                 ;
+----------------------------------------------------------------------------+--------------------+--------------------+


+------------------------------------------+
; Parallel Compilation                     ;
+----------------------------+-------------+
; Processors                 ; Number      ;
+----------------------------+-------------+
; Number detected on machine ; 4           ;
; Maximum allowed            ; 2           ;
;                            ;             ;
; Average used               ; 1.00        ;
; Maximum used               ; 1           ;
;                            ;             ;
; Usage by Processor         ; % Time Used ;
;     Processor 1            ; 100.0%      ;
+----------------------------+-------------+


+----------------------------------------------------------------------------------------------+
; Source assignments for vga_adapter:VGA|altsyncram:VideoMemory|altsyncram_9hg1:auto_generated ;
+---------------------------------+--------------------+------+--------------------------------+
; Assignment                      ; Value              ; From ; To                             ;
+---------------------------------+--------------------+------+--------------------------------+
; OPTIMIZE_POWER_DURING_SYNTHESIS ; NORMAL_COMPILATION ; -    ; -                              ;
+---------------------------------+--------------------+------+--------------------------------+


+--------------------------------------------------------------+
; Parameter Settings for User Entity Instance: vga_adapter:VGA ;
+-------------------------+----------------+-------------------+
; Parameter Name          ; Value          ; Type              ;
+-------------------------+----------------+-------------------+
; BITS_PER_COLOUR_CHANNEL ; 1              ; Signed Integer    ;
; MONOCHROME              ; FALSE          ; String            ;
; RESOLUTION              ; 160x120        ; String            ;
; BACKGROUND_IMAGE        ; background.mif ; String            ;
+-------------------------+----------------+-------------------+
Note: In order to hide this table in the UI and the text report file, please set the "Show Parameter Settings in Synthesis Report" option in "Analysis and Synthesis Settings -> More Settings" to "Off".


+-----------------------------------------------------------------------------------------------------------+
; Parameter Settings for User Entity Instance: vga_adapter:VGA|vga_address_translator:user_input_translator ;
+----------------+---------+--------------------------------------------------------------------------------+
; Parameter Name ; Value   ; Type                                                                           ;
+----------------+---------+--------------------------------------------------------------------------------+
; RESOLUTION     ; 160x120 ; String                                                                         ;
+----------------+---------+--------------------------------------------------------------------------------+
Note: In order to hide this table in the UI and the text report file, please set the "Show Parameter Settings in Synthesis Report" option in "Analysis and Synthesis Settings -> More Settings" to "Off".


+-------------------------------------------------------------------------------------+
; Parameter Settings for User Entity Instance: vga_adapter:VGA|altsyncram:VideoMemory ;
+------------------------------------+----------------------+-------------------------+
; Parameter Name                     ; Value                ; Type                    ;
+------------------------------------+----------------------+-------------------------+
; BYTE_SIZE_BLOCK                    ; 8                    ; Untyped                 ;
; AUTO_CARRY_CHAINS                  ; ON                   ; AUTO_CARRY              ;
; IGNORE_CARRY_BUFFERS               ; OFF                  ; IGNORE_CARRY            ;
; AUTO_CASCADE_CHAINS                ; ON                   ; AUTO_CASCADE            ;
; IGNORE_CASCADE_BUFFERS             ; OFF                  ; IGNORE_CASCADE          ;
; WIDTH_BYTEENA                      ; 1                    ; Untyped                 ;
; OPERATION_MODE                     ; DUAL_PORT            ; Untyped                 ;
; WIDTH_A                            ; 3                    ; Signed Integer          ;
; WIDTHAD_A                          ; 15                   ; Signed Integer          ;
; NUMWORDS_A                         ; 19200                ; Signed Integer          ;
; OUTDATA_REG_A                      ; UNREGISTERED         ; Untyped                 ;
; ADDRESS_ACLR_A                     ; NONE                 ; Untyped                 ;
; OUTDATA_ACLR_A                     ; NONE                 ; Untyped                 ;
; WRCONTROL_ACLR_A                   ; NONE                 ; Untyped                 ;
; INDATA_ACLR_A                      ; NONE                 ; Untyped                 ;
; BYTEENA_ACLR_A                     ; NONE                 ; Untyped                 ;
; WIDTH_B                            ; 3                    ; Signed Integer          ;
; WIDTHAD_B                          ; 15                   ; Signed Integer          ;
; NUMWORDS_B                         ; 19200                ; Signed Integer          ;
; INDATA_REG_B                       ; CLOCK1               ; Untyped                 ;
; WRCONTROL_WRADDRESS_REG_B          ; CLOCK1               ; Untyped                 ;
; RDCONTROL_REG_B                    ; CLOCK1               ; Untyped                 ;
; ADDRESS_REG_B                      ; CLOCK1               ; Untyped                 ;
; OUTDATA_REG_B                      ; CLOCK1               ; Untyped                 ;
; BYTEENA_REG_B                      ; CLOCK1               ; Untyped                 ;
; INDATA_ACLR_B                      ; NONE                 ; Untyped                 ;
; WRCONTROL_ACLR_B                   ; NONE                 ; Untyped                 ;
; ADDRESS_ACLR_B                     ; NONE                 ; Untyped                 ;
; OUTDATA_ACLR_B                     ; NONE                 ; Untyped                 ;
; RDCONTROL_ACLR_B                   ; NONE                 ; Untyped                 ;
; BYTEENA_ACLR_B                     ; NONE                 ; Untyped                 ;
; WIDTH_BYTEENA_A                    ; 1                    ; Untyped                 ;
; WIDTH_BYTEENA_B                    ; 1                    ; Untyped                 ;
; RAM_BLOCK_TYPE                     ; AUTO                 ; Untyped                 ;
; BYTE_SIZE                          ; 8                    ; Untyped                 ;
; READ_DURING_WRITE_MODE_MIXED_PORTS ; DONT_CARE            ; Untyped                 ;
; READ_DURING_WRITE_MODE_PORT_A      ; NEW_DATA_NO_NBE_READ ; Untyped                 ;
; READ_DURING_WRITE_MODE_PORT_B      ; NEW_DATA_NO_NBE_READ ; Untyped                 ;
; INIT_FILE                          ; background.mif       ; Untyped                 ;
; INIT_FILE_LAYOUT                   ; PORT_A               ; Untyped                 ;
; MAXIMUM_DEPTH                      ; 0                    ; Untyped                 ;
; CLOCK_ENABLE_INPUT_A               ; BYPASS               ; Untyped                 ;
; CLOCK_ENABLE_INPUT_B               ; BYPASS               ; Untyped                 ;
; CLOCK_ENABLE_OUTPUT_A              ; NORMAL               ; Untyped                 ;
; CLOCK_ENABLE_OUTPUT_B              ; BYPASS               ; Untyped                 ;
; CLOCK_ENABLE_CORE_A                ; USE_INPUT_CLKEN      ; Untyped                 ;
; CLOCK_ENABLE_CORE_B                ; USE_INPUT_CLKEN      ; Untyped                 ;
; ENABLE_ECC                         ; FALSE                ; Untyped                 ;
; ECC_PIPELINE_STAGE_ENABLED         ; FALSE                ; Untyped                 ;
; WIDTH_ECCSTATUS                    ; 3                    ; Untyped                 ;
; DEVICE_FAMILY                      ; Cyclone IV E         ; Untyped                 ;
; CBXI_PARAMETER                     ; altsyncram_9hg1      ; Untyped                 ;
+------------------------------------+----------------------+-------------------------+
Note: In order to hide this table in the UI and the text report file, please set the "Show Parameter Settings in Synthesis Report" option in "Analysis and Synthesis Settings -> More Settings" to "Off".


+----------------------------------------------------------------------------------------------------+
; Parameter Settings for User Entity Instance: vga_adapter:VGA|vga_pll:mypll|altpll:altpll_component ;
+-------------------------------+-------------------+------------------------------------------------+
; Parameter Name                ; Value             ; Type                                           ;
+-------------------------------+-------------------+------------------------------------------------+
; OPERATION_MODE                ; NORMAL            ; Untyped                                        ;
; PLL_TYPE                      ; FAST              ; Untyped                                        ;
; LPM_HINT                      ; UNUSED            ; Untyped                                        ;
; QUALIFY_CONF_DONE             ; OFF               ; Untyped                                        ;
; COMPENSATE_CLOCK              ; CLK0              ; Untyped                                        ;
; SCAN_CHAIN                    ; LONG              ; Untyped                                        ;
; PRIMARY_CLOCK                 ; INCLK0            ; Untyped                                        ;
; INCLK0_INPUT_FREQUENCY        ; 20000             ; Signed Integer                                 ;
; INCLK1_INPUT_FREQUENCY        ; 0                 ; Untyped                                        ;
; GATE_LOCK_SIGNAL              ; NO                ; Untyped                                        ;
; GATE_LOCK_COUNTER             ; 0                 ; Untyped                                        ;
; LOCK_HIGH                     ; 1                 ; Untyped                                        ;
; LOCK_LOW                      ; 1                 ; Untyped                                        ;
; VALID_LOCK_MULTIPLIER         ; 1                 ; Untyped                                        ;
; INVALID_LOCK_MULTIPLIER       ; 5                 ; Untyped                                        ;
; SWITCH_OVER_ON_LOSSCLK        ; OFF               ; Untyped                                        ;
; SWITCH_OVER_ON_GATED_LOCK     ; OFF               ; Untyped                                        ;
; ENABLE_SWITCH_OVER_COUNTER    ; OFF               ; Untyped                                        ;
; SKIP_VCO                      ; OFF               ; Untyped                                        ;
; SWITCH_OVER_COUNTER           ; 0                 ; Untyped                                        ;
; SWITCH_OVER_TYPE              ; AUTO              ; Untyped                                        ;
; FEEDBACK_SOURCE               ; EXTCLK0           ; Untyped                                        ;
; BANDWIDTH                     ; 0                 ; Untyped                                        ;
; BANDWIDTH_TYPE                ; AUTO              ; Untyped                                        ;
; SPREAD_FREQUENCY              ; 0                 ; Untyped                                        ;
; DOWN_SPREAD                   ; 0                 ; Untyped                                        ;
; SELF_RESET_ON_GATED_LOSS_LOCK ; OFF               ; Untyped                                        ;
; SELF_RESET_ON_LOSS_LOCK       ; OFF               ; Untyped                                        ;
; CLK9_MULTIPLY_BY              ; 0                 ; Untyped                                        ;
; CLK8_MULTIPLY_BY              ; 0                 ; Untyped                                        ;
; CLK7_MULTIPLY_BY              ; 0                 ; Untyped                                        ;
; CLK6_MULTIPLY_BY              ; 0                 ; Untyped                                        ;
; CLK5_MULTIPLY_BY              ; 1                 ; Untyped                                        ;
; CLK4_MULTIPLY_BY              ; 1                 ; Untyped                                        ;
; CLK3_MULTIPLY_BY              ; 1                 ; Untyped                                        ;
; CLK2_MULTIPLY_BY              ; 1                 ; Untyped                                        ;
; CLK1_MULTIPLY_BY              ; 1                 ; Untyped                                        ;
; CLK0_MULTIPLY_BY              ; 1                 ; Signed Integer                                 ;
; CLK9_DIVIDE_BY                ; 0                 ; Untyped                                        ;
; CLK8_DIVIDE_BY                ; 0                 ; Untyped                                        ;
; CLK7_DIVIDE_BY                ; 0                 ; Untyped                                        ;
; CLK6_DIVIDE_BY                ; 0                 ; Untyped                                        ;
; CLK5_DIVIDE_BY                ; 1                 ; Untyped                                        ;
; CLK4_DIVIDE_BY                ; 1                 ; Untyped                                        ;
; CLK3_DIVIDE_BY                ; 1                 ; Untyped                                        ;
; CLK2_DIVIDE_BY                ; 1                 ; Untyped                                        ;
; CLK1_DIVIDE_BY                ; 1                 ; Untyped                                        ;
; CLK0_DIVIDE_BY                ; 2                 ; Signed Integer                                 ;
; CLK9_PHASE_SHIFT              ; 0                 ; Untyped                                        ;
; CLK8_PHASE_SHIFT              ; 0                 ; Untyped                                        ;
; CLK7_PHASE_SHIFT              ; 0                 ; Untyped                                        ;
; CLK6_PHASE_SHIFT              ; 0                 ; Untyped                                        ;
; CLK5_PHASE_SHIFT              ; 0                 ; Untyped                                        ;
; CLK4_PHASE_SHIFT              ; 0                 ; Untyped                                        ;
; CLK3_PHASE_SHIFT              ; 0                 ; Untyped                                        ;
; CLK2_PHASE_SHIFT              ; 0                 ; Untyped                                        ;
; CLK1_PHASE_SHIFT              ; 0                 ; Untyped                                        ;
; CLK0_PHASE_SHIFT              ; 0                 ; Untyped                                        ;
; CLK5_TIME_DELAY               ; 0                 ; Untyped                                        ;
; CLK4_TIME_DELAY               ; 0                 ; Untyped                                        ;
; CLK3_TIME_DELAY               ; 0                 ; Untyped                                        ;
; CLK2_TIME_DELAY               ; 0                 ; Untyped                                        ;
; CLK1_TIME_DELAY               ; 0                 ; Untyped                                        ;
; CLK0_TIME_DELAY               ; 0                 ; Untyped                                        ;
; CLK9_DUTY_CYCLE               ; 50                ; Untyped                                        ;
; CLK8_DUTY_CYCLE               ; 50                ; Untyped                                        ;
; CLK7_DUTY_CYCLE               ; 50                ; Untyped                                        ;
; CLK6_DUTY_CYCLE               ; 50                ; Untyped                                        ;
; CLK5_DUTY_CYCLE               ; 50                ; Untyped                                        ;
; CLK4_DUTY_CYCLE               ; 50                ; Untyped                                        ;
; CLK3_DUTY_CYCLE               ; 50                ; Untyped                                        ;
; CLK2_DUTY_CYCLE               ; 50                ; Untyped                                        ;
; CLK1_DUTY_CYCLE               ; 50                ; Untyped                                        ;
; CLK0_DUTY_CYCLE               ; 50                ; Signed Integer                                 ;
; CLK9_USE_EVEN_COUNTER_MODE    ; OFF               ; Untyped                                        ;
; CLK8_USE_EVEN_COUNTER_MODE    ; OFF               ; Untyped                                        ;
; CLK7_USE_EVEN_COUNTER_MODE    ; OFF               ; Untyped                                        ;
; CLK6_USE_EVEN_COUNTER_MODE    ; OFF               ; Untyped                                        ;
; CLK5_USE_EVEN_COUNTER_MODE    ; OFF               ; Untyped                                        ;
; CLK4_USE_EVEN_COUNTER_MODE    ; OFF               ; Untyped                                        ;
; CLK3_USE_EVEN_COUNTER_MODE    ; OFF               ; Untyped                                        ;
; CLK2_USE_EVEN_COUNTER_MODE    ; OFF               ; Untyped                                        ;
; CLK1_USE_EVEN_COUNTER_MODE    ; OFF               ; Untyped                                        ;
; CLK0_USE_EVEN_COUNTER_MODE    ; OFF               ; Untyped                                        ;
; CLK9_USE_EVEN_COUNTER_VALUE   ; OFF               ; Untyped                                        ;
; CLK8_USE_EVEN_COUNTER_VALUE   ; OFF               ; Untyped                                        ;
; CLK7_USE_EVEN_COUNTER_VALUE   ; OFF               ; Untyped                                        ;
; CLK6_USE_EVEN_COUNTER_VALUE   ; OFF               ; Untyped                                        ;
; CLK5_USE_EVEN_COUNTER_VALUE   ; OFF               ; Untyped                                        ;
; CLK4_USE_EVEN_COUNTER_VALUE   ; OFF               ; Untyped                                        ;
; CLK3_USE_EVEN_COUNTER_VALUE   ; OFF               ; Untyped                                        ;
; CLK2_USE_EVEN_COUNTER_VALUE   ; OFF               ; Untyped                                        ;
; CLK1_USE_EVEN_COUNTER_VALUE   ; OFF               ; Untyped                                        ;
; CLK0_USE_EVEN_COUNTER_VALUE   ; OFF               ; Untyped                                        ;
; LOCK_WINDOW_UI                ;  0.05             ; Untyped                                        ;
; LOCK_WINDOW_UI_BITS           ; UNUSED            ; Untyped                                        ;
; VCO_RANGE_DETECTOR_LOW_BITS   ; UNUSED            ; Untyped                                        ;
; VCO_RANGE_DETECTOR_HIGH_BITS  ; UNUSED            ; Untyped                                        ;
; DPA_MULTIPLY_BY               ; 0                 ; Untyped                                        ;
; DPA_DIVIDE_BY                 ; 1                 ; Untyped                                        ;
; DPA_DIVIDER                   ; 0                 ; Untyped                                        ;
; EXTCLK3_MULTIPLY_BY           ; 1                 ; Untyped                                        ;
; EXTCLK2_MULTIPLY_BY           ; 1                 ; Untyped                                        ;
; EXTCLK1_MULTIPLY_BY           ; 1                 ; Untyped                                        ;
; EXTCLK0_MULTIPLY_BY           ; 1                 ; Untyped                                        ;
; EXTCLK3_DIVIDE_BY             ; 1                 ; Untyped                                        ;
; EXTCLK2_DIVIDE_BY             ; 1                 ; Untyped                                        ;
; EXTCLK1_DIVIDE_BY             ; 1                 ; Untyped                                        ;
; EXTCLK0_DIVIDE_BY             ; 1                 ; Untyped                                        ;
; EXTCLK3_PHASE_SHIFT           ; 0                 ; Untyped                                        ;
; EXTCLK2_PHASE_SHIFT           ; 0                 ; Untyped                                        ;
; EXTCLK1_PHASE_SHIFT           ; 0                 ; Untyped                                        ;
; EXTCLK0_PHASE_SHIFT           ; 0                 ; Untyped                                        ;
; EXTCLK3_TIME_DELAY            ; 0                 ; Untyped                                        ;
; EXTCLK2_TIME_DELAY            ; 0                 ; Untyped                                        ;
; EXTCLK1_TIME_DELAY            ; 0                 ; Untyped                                        ;
; EXTCLK0_TIME_DELAY            ; 0                 ; Untyped                                        ;
; EXTCLK3_DUTY_CYCLE            ; 50                ; Untyped                                        ;
; EXTCLK2_DUTY_CYCLE            ; 50                ; Untyped                                        ;
; EXTCLK1_DUTY_CYCLE            ; 50                ; Untyped                                        ;
; EXTCLK0_DUTY_CYCLE            ; 50                ; Untyped                                        ;
; VCO_MULTIPLY_BY               ; 0                 ; Untyped                                        ;
; VCO_DIVIDE_BY                 ; 0                 ; Untyped                                        ;
; SCLKOUT0_PHASE_SHIFT          ; 0                 ; Untyped                                        ;
; SCLKOUT1_PHASE_SHIFT          ; 0                 ; Untyped                                        ;
; VCO_MIN                       ; 0                 ; Untyped                                        ;
; VCO_MAX                       ; 0                 ; Untyped                                        ;
; VCO_CENTER                    ; 0                 ; Untyped                                        ;
; PFD_MIN                       ; 0                 ; Untyped                                        ;
; PFD_MAX                       ; 0                 ; Untyped                                        ;
; M_INITIAL                     ; 0                 ; Untyped                                        ;
; M                             ; 0                 ; Untyped                                        ;
; N                             ; 1                 ; Untyped                                        ;
; M2                            ; 1                 ; Untyped                                        ;
; N2                            ; 1                 ; Untyped                                        ;
; SS                            ; 1                 ; Untyped                                        ;
; C0_HIGH                       ; 0                 ; Untyped                                        ;
; C1_HIGH                       ; 0                 ; Untyped                                        ;
; C2_HIGH                       ; 0                 ; Untyped                                        ;
; C3_HIGH                       ; 0                 ; Untyped                                        ;
; C4_HIGH                       ; 0                 ; Untyped                                        ;
; C5_HIGH                       ; 0                 ; Untyped                                        ;
; C6_HIGH                       ; 0                 ; Untyped                                        ;
; C7_HIGH                       ; 0                 ; Untyped                                        ;
; C8_HIGH                       ; 0                 ; Untyped                                        ;
; C9_HIGH                       ; 0                 ; Untyped                                        ;
; C0_LOW                        ; 0                 ; Untyped                                        ;
; C1_LOW                        ; 0                 ; Untyped                                        ;
; C2_LOW                        ; 0                 ; Untyped                                        ;
; C3_LOW                        ; 0                 ; Untyped                                        ;
; C4_LOW                        ; 0                 ; Untyped                                        ;
; C5_LOW                        ; 0                 ; Untyped                                        ;
; C6_LOW                        ; 0                 ; Untyped                                        ;
; C7_LOW                        ; 0                 ; Untyped                                        ;
; C8_LOW                        ; 0                 ; Untyped                                        ;
; C9_LOW                        ; 0                 ; Untyped                                        ;
; C0_INITIAL                    ; 0                 ; Untyped                                        ;
; C1_INITIAL                    ; 0                 ; Untyped                                        ;
; C2_INITIAL                    ; 0                 ; Untyped                                        ;
; C3_INITIAL                    ; 0                 ; Untyped                                        ;
; C4_INITIAL                    ; 0                 ; Untyped                                        ;
; C5_INITIAL                    ; 0                 ; Untyped                                        ;
; C6_INITIAL                    ; 0                 ; Untyped                                        ;
; C7_INITIAL                    ; 0                 ; Untyped                                        ;
; C8_INITIAL                    ; 0                 ; Untyped                                        ;
; C9_INITIAL                    ; 0                 ; Untyped                                        ;
; C0_MODE                       ; BYPASS            ; Untyped                                        ;
; C1_MODE                       ; BYPASS            ; Untyped                                        ;
; C2_MODE                       ; BYPASS            ; Untyped                                        ;
; C3_MODE                       ; BYPASS            ; Untyped                                        ;
; C4_MODE                       ; BYPASS            ; Untyped                                        ;
; C5_MODE                       ; BYPASS            ; Untyped                                        ;
; C6_MODE                       ; BYPASS            ; Untyped                                        ;
; C7_MODE                       ; BYPASS            ; Untyped                                        ;
; C8_MODE                       ; BYPASS            ; Untyped                                        ;
; C9_MODE                       ; BYPASS            ; Untyped                                        ;
; C0_PH                         ; 0                 ; Untyped                                        ;
; C1_PH                         ; 0                 ; Untyped                                        ;
; C2_PH                         ; 0                 ; Untyped                                        ;
; C3_PH                         ; 0                 ; Untyped                                        ;
; C4_PH                         ; 0                 ; Untyped                                        ;
; C5_PH                         ; 0                 ; Untyped                                        ;
; C6_PH                         ; 0                 ; Untyped                                        ;
; C7_PH                         ; 0                 ; Untyped                                        ;
; C8_PH                         ; 0                 ; Untyped                                        ;
; C9_PH                         ; 0                 ; Untyped                                        ;
; L0_HIGH                       ; 1                 ; Untyped                                        ;
; L1_HIGH                       ; 1                 ; Untyped                                        ;
; G0_HIGH                       ; 1                 ; Untyped                                        ;
; G1_HIGH                       ; 1                 ; Untyped                                        ;
; G2_HIGH                       ; 1                 ; Untyped                                        ;
; G3_HIGH                       ; 1                 ; Untyped                                        ;
; E0_HIGH                       ; 1                 ; Untyped                                        ;
; E1_HIGH                       ; 1                 ; Untyped                                        ;
; E2_HIGH                       ; 1                 ; Untyped                                        ;
; E3_HIGH                       ; 1                 ; Untyped                                        ;
; L0_LOW                        ; 1                 ; Untyped                                        ;
; L1_LOW                        ; 1                 ; Untyped                                        ;
; G0_LOW                        ; 1                 ; Untyped                                        ;
; G1_LOW                        ; 1                 ; Untyped                                        ;
; G2_LOW                        ; 1                 ; Untyped                                        ;
; G3_LOW                        ; 1                 ; Untyped                                        ;
; E0_LOW                        ; 1                 ; Untyped                                        ;
; E1_LOW                        ; 1                 ; Untyped                                        ;
; E2_LOW                        ; 1                 ; Untyped                                        ;
; E3_LOW                        ; 1                 ; Untyped                                        ;
; L0_INITIAL                    ; 1                 ; Untyped                                        ;
; L1_INITIAL                    ; 1                 ; Untyped                                        ;
; G0_INITIAL                    ; 1                 ; Untyped                                        ;
; G1_INITIAL                    ; 1                 ; Untyped                                        ;
; G2_INITIAL                    ; 1                 ; Untyped                                        ;
; G3_INITIAL                    ; 1                 ; Untyped                                        ;
; E0_INITIAL                    ; 1                 ; Untyped                                        ;
; E1_INITIAL                    ; 1                 ; Untyped                                        ;
; E2_INITIAL                    ; 1                 ; Untyped                                        ;
; E3_INITIAL                    ; 1                 ; Untyped                                        ;
; L0_MODE                       ; BYPASS            ; Untyped                                        ;
; L1_MODE                       ; BYPASS            ; Untyped                                        ;
; G0_MODE                       ; BYPASS            ; Untyped                                        ;
; G1_MODE                       ; BYPASS            ; Untyped                                        ;
; G2_MODE                       ; BYPASS            ; Untyped                                        ;
; G3_MODE                       ; BYPASS            ; Untyped                                        ;
; E0_MODE                       ; BYPASS            ; Untyped                                        ;
; E1_MODE                       ; BYPASS            ; Untyped                                        ;
; E2_MODE                       ; BYPASS            ; Untyped                                        ;
; E3_MODE                       ; BYPASS            ; Untyped                                        ;
; L0_PH                         ; 0                 ; Untyped                                        ;
; L1_PH                         ; 0                 ; Untyped                                        ;
; G0_PH                         ; 0                 ; Untyped                                        ;
; G1_PH                         ; 0                 ; Untyped                                        ;
; G2_PH                         ; 0                 ; Untyped                                        ;
; G3_PH                         ; 0                 ; Untyped                                        ;
; E0_PH                         ; 0                 ; Untyped                                        ;
; E1_PH                         ; 0                 ; Untyped                                        ;
; E2_PH                         ; 0                 ; Untyped                                        ;
; E3_PH                         ; 0                 ; Untyped                                        ;
; M_PH                          ; 0                 ; Untyped                                        ;
; C1_USE_CASC_IN                ; OFF               ; Untyped                                        ;
; C2_USE_CASC_IN                ; OFF               ; Untyped                                        ;
; C3_USE_CASC_IN                ; OFF               ; Untyped                                        ;
; C4_USE_CASC_IN                ; OFF               ; Untyped                                        ;
; C5_USE_CASC_IN                ; OFF               ; Untyped                                        ;
; C6_USE_CASC_IN                ; OFF               ; Untyped                                        ;
; C7_USE_CASC_IN                ; OFF               ; Untyped                                        ;
; C8_USE_CASC_IN                ; OFF               ; Untyped                                        ;
; C9_USE_CASC_IN                ; OFF               ; Untyped                                        ;
; CLK0_COUNTER                  ; G0                ; Untyped                                        ;
; CLK1_COUNTER                  ; G0                ; Untyped                                        ;
; CLK2_COUNTER                  ; G0                ; Untyped                                        ;
; CLK3_COUNTER                  ; G0                ; Untyped                                        ;
; CLK4_COUNTER                  ; G0                ; Untyped                                        ;
; CLK5_COUNTER                  ; G0                ; Untyped                                        ;
; CLK6_COUNTER                  ; E0                ; Untyped                                        ;
; CLK7_COUNTER                  ; E1                ; Untyped                                        ;
; CLK8_COUNTER                  ; E2                ; Untyped                                        ;
; CLK9_COUNTER                  ; E3                ; Untyped                                        ;
; L0_TIME_DELAY                 ; 0                 ; Untyped                                        ;
; L1_TIME_DELAY                 ; 0                 ; Untyped                                        ;
; G0_TIME_DELAY                 ; 0                 ; Untyped                                        ;
; G1_TIME_DELAY                 ; 0                 ; Untyped                                        ;
; G2_TIME_DELAY                 ; 0                 ; Untyped                                        ;
; G3_TIME_DELAY                 ; 0                 ; Untyped                                        ;
; E0_TIME_DELAY                 ; 0                 ; Untyped                                        ;
; E1_TIME_DELAY                 ; 0                 ; Untyped                                        ;
; E2_TIME_DELAY                 ; 0                 ; Untyped                                        ;
; E3_TIME_DELAY                 ; 0                 ; Untyped                                        ;
; M_TIME_DELAY                  ; 0                 ; Untyped                                        ;
; N_TIME_DELAY                  ; 0                 ; Untyped                                        ;
; EXTCLK3_COUNTER               ; E3                ; Untyped                                        ;
; EXTCLK2_COUNTER               ; E2                ; Untyped                                        ;
; EXTCLK1_COUNTER               ; E1                ; Untyped                                        ;
; EXTCLK0_COUNTER               ; E0                ; Untyped                                        ;
; ENABLE0_COUNTER               ; L0                ; Untyped                                        ;
; ENABLE1_COUNTER               ; L0                ; Untyped                                        ;
; CHARGE_PUMP_CURRENT           ; 2                 ; Untyped                                        ;
; LOOP_FILTER_R                 ;  1.000000         ; Untyped                                        ;
; LOOP_FILTER_C                 ; 5                 ; Untyped                                        ;
; CHARGE_PUMP_CURRENT_BITS      ; 9999              ; Untyped                                        ;
; LOOP_FILTER_R_BITS            ; 9999              ; Untyped                                        ;
; LOOP_FILTER_C_BITS            ; 9999              ; Untyped                                        ;
; VCO_POST_SCALE                ; 0                 ; Untyped                                        ;
; CLK2_OUTPUT_FREQUENCY         ; 0                 ; Untyped                                        ;
; CLK1_OUTPUT_FREQUENCY         ; 0                 ; Untyped                                        ;
; CLK0_OUTPUT_FREQUENCY         ; 0                 ; Untyped                                        ;
; INTENDED_DEVICE_FAMILY        ; Cyclone II        ; Untyped                                        ;
; PORT_CLKENA0                  ; PORT_CONNECTIVITY ; Untyped                                        ;
; PORT_CLKENA1                  ; PORT_CONNECTIVITY ; Untyped                                        ;
; PORT_CLKENA2                  ; PORT_CONNECTIVITY ; Untyped                                        ;
; PORT_CLKENA3                  ; PORT_CONNECTIVITY ; Untyped                                        ;
; PORT_CLKENA4                  ; PORT_CONNECTIVITY ; Untyped                                        ;
; PORT_CLKENA5                  ; PORT_CONNECTIVITY ; Untyped                                        ;
; PORT_EXTCLKENA0               ; PORT_CONNECTIVITY ; Untyped                                        ;
; PORT_EXTCLKENA1               ; PORT_CONNECTIVITY ; Untyped                                        ;
; PORT_EXTCLKENA2               ; PORT_CONNECTIVITY ; Untyped                                        ;
; PORT_EXTCLKENA3               ; PORT_CONNECTIVITY ; Untyped                                        ;
; PORT_EXTCLK0                  ; PORT_CONNECTIVITY ; Untyped                                        ;
; PORT_EXTCLK1                  ; PORT_CONNECTIVITY ; Untyped                                        ;
; PORT_EXTCLK2                  ; PORT_CONNECTIVITY ; Untyped                                        ;
; PORT_EXTCLK3                  ; PORT_CONNECTIVITY ; Untyped                                        ;
; PORT_CLKBAD0                  ; PORT_CONNECTIVITY ; Untyped                                        ;
; PORT_CLKBAD1                  ; PORT_CONNECTIVITY ; Untyped                                        ;
; PORT_CLK0                     ; PORT_CONNECTIVITY ; Untyped                                        ;
; PORT_CLK1                     ; PORT_CONNECTIVITY ; Untyped                                        ;
; PORT_CLK2                     ; PORT_CONNECTIVITY ; Untyped                                        ;
; PORT_CLK3                     ; PORT_CONNECTIVITY ; Untyped                                        ;
; PORT_CLK4                     ; PORT_CONNECTIVITY ; Untyped                                        ;
; PORT_CLK5                     ; PORT_CONNECTIVITY ; Untyped                                        ;
; PORT_CLK6                     ; PORT_UNUSED       ; Untyped                                        ;
; PORT_CLK7                     ; PORT_UNUSED       ; Untyped                                        ;
; PORT_CLK8                     ; PORT_UNUSED       ; Untyped                                        ;
; PORT_CLK9                     ; PORT_UNUSED       ; Untyped                                        ;
; PORT_SCANDATA                 ; PORT_CONNECTIVITY ; Untyped                                        ;
; PORT_SCANDATAOUT              ; PORT_CONNECTIVITY ; Untyped                                        ;
; PORT_SCANDONE                 ; PORT_CONNECTIVITY ; Untyped                                        ;
; PORT_SCLKOUT1                 ; PORT_CONNECTIVITY ; Untyped                                        ;
; PORT_SCLKOUT0                 ; PORT_CONNECTIVITY ; Untyped                                        ;
; PORT_ACTIVECLOCK              ; PORT_CONNECTIVITY ; Untyped                                        ;
; PORT_CLKLOSS                  ; PORT_CONNECTIVITY ; Untyped                                        ;
; PORT_INCLK1                   ; PORT_CONNECTIVITY ; Untyped                                        ;
; PORT_INCLK0                   ; PORT_CONNECTIVITY ; Untyped                                        ;
; PORT_FBIN                     ; PORT_CONNECTIVITY ; Untyped                                        ;
; PORT_PLLENA                   ; PORT_CONNECTIVITY ; Untyped                                        ;
; PORT_CLKSWITCH                ; PORT_CONNECTIVITY ; Untyped                                        ;
; PORT_ARESET                   ; PORT_CONNECTIVITY ; Untyped                                        ;
; PORT_PFDENA                   ; PORT_CONNECTIVITY ; Untyped                                        ;
; PORT_SCANCLK                  ; PORT_CONNECTIVITY ; Untyped                                        ;
; PORT_SCANACLR                 ; PORT_CONNECTIVITY ; Untyped                                        ;
; PORT_SCANREAD                 ; PORT_CONNECTIVITY ; Untyped                                        ;
; PORT_SCANWRITE                ; PORT_CONNECTIVITY ; Untyped                                        ;
; PORT_ENABLE0                  ; PORT_CONNECTIVITY ; Untyped                                        ;
; PORT_ENABLE1                  ; PORT_CONNECTIVITY ; Untyped                                        ;
; PORT_LOCKED                   ; PORT_CONNECTIVITY ; Untyped                                        ;
; PORT_CONFIGUPDATE             ; PORT_CONNECTIVITY ; Untyped                                        ;
; PORT_FBOUT                    ; PORT_CONNECTIVITY ; Untyped                                        ;
; PORT_PHASEDONE                ; PORT_CONNECTIVITY ; Untyped                                        ;
; PORT_PHASESTEP                ; PORT_CONNECTIVITY ; Untyped                                        ;
; PORT_PHASEUPDOWN              ; PORT_CONNECTIVITY ; Untyped                                        ;
; PORT_SCANCLKENA               ; PORT_CONNECTIVITY ; Untyped                                        ;
; PORT_PHASECOUNTERSELECT       ; PORT_CONNECTIVITY ; Untyped                                        ;
; PORT_VCOOVERRANGE             ; PORT_CONNECTIVITY ; Untyped                                        ;
; PORT_VCOUNDERRANGE            ; PORT_CONNECTIVITY ; Untyped                                        ;
; M_TEST_SOURCE                 ; 5                 ; Untyped                                        ;
; C0_TEST_SOURCE                ; 5                 ; Untyped                                        ;
; C1_TEST_SOURCE                ; 5                 ; Untyped                                        ;
; C2_TEST_SOURCE                ; 5                 ; Untyped                                        ;
; C3_TEST_SOURCE                ; 5                 ; Untyped                                        ;
; C4_TEST_SOURCE                ; 5                 ; Untyped                                        ;
; C5_TEST_SOURCE                ; 5                 ; Untyped                                        ;
; C6_TEST_SOURCE                ; 5                 ; Untyped                                        ;
; C7_TEST_SOURCE                ; 5                 ; Untyped                                        ;
; C8_TEST_SOURCE                ; 5                 ; Untyped                                        ;
; C9_TEST_SOURCE                ; 5                 ; Untyped                                        ;
; CBXI_PARAMETER                ; NOTHING           ; Untyped                                        ;
; VCO_FREQUENCY_CONTROL         ; AUTO              ; Untyped                                        ;
; VCO_PHASE_SHIFT_STEP          ; 0                 ; Untyped                                        ;
; WIDTH_CLOCK                   ; 6                 ; Untyped                                        ;
; WIDTH_PHASECOUNTERSELECT      ; 4                 ; Untyped                                        ;
; USING_FBMIMICBIDIR_PORT       ; OFF               ; Untyped                                        ;
; DEVICE_FAMILY                 ; Cyclone IV E      ; Untyped                                        ;
; SCAN_CHAIN_MIF_FILE           ; UNUSED            ; Untyped                                        ;
; SIM_GATE_LOCK_DEVICE_BEHAVIOR ; OFF               ; Untyped                                        ;
; AUTO_CARRY_CHAINS             ; ON                ; AUTO_CARRY                                     ;
; IGNORE_CARRY_BUFFERS          ; OFF               ; IGNORE_CARRY                                   ;
; AUTO_CASCADE_CHAINS           ; ON                ; AUTO_CASCADE                                   ;
; IGNORE_CASCADE_BUFFERS        ; OFF               ; IGNORE_CASCADE                                 ;
+-------------------------------+-------------------+------------------------------------------------+
Note: In order to hide this table in the UI and the text report file, please set the "Show Parameter Settings in Synthesis Report" option in "Analysis and Synthesis Settings -> More Settings" to "Off".


+----------------------------------------------------------------------------------------+
; Parameter Settings for User Entity Instance: vga_adapter:VGA|vga_controller:controller ;
+-------------------------+------------+-------------------------------------------------+
; Parameter Name          ; Value      ; Type                                            ;
+-------------------------+------------+-------------------------------------------------+
; BITS_PER_COLOUR_CHANNEL ; 1          ; Signed Integer                                  ;
; MONOCHROME              ; FALSE      ; String                                          ;
; RESOLUTION              ; 160x120    ; String                                          ;
; C_VERT_NUM_PIXELS       ; 0111100000 ; Unsigned Binary                                 ;
; C_VERT_SYNC_START       ; 0111101101 ; Unsigned Binary                                 ;
; C_VERT_SYNC_END         ; 0111101110 ; Unsigned Binary                                 ;
; C_VERT_TOTAL_COUNT      ; 1000001101 ; Unsigned Binary                                 ;
; C_HORZ_NUM_PIXELS       ; 1010000000 ; Unsigned Binary                                 ;
; C_HORZ_SYNC_START       ; 1010010011 ; Unsigned Binary                                 ;
; C_HORZ_SYNC_END         ; 1011110010 ; Unsigned Binary                                 ;
; C_HORZ_TOTAL_COUNT      ; 1100100000 ; Unsigned Binary                                 ;
+-------------------------+------------+-------------------------------------------------+
Note: In order to hide this table in the UI and the text report file, please set the "Show Parameter Settings in Synthesis Report" option in "Analysis and Synthesis Settings -> More Settings" to "Off".


+-------------------------------------------------------------------------------------------------------------------------------------+
; Parameter Settings for User Entity Instance: vga_adapter:VGA|vga_controller:controller|vga_address_translator:controller_translator ;
+----------------+---------+----------------------------------------------------------------------------------------------------------+
; Parameter Name ; Value   ; Type                                                                                                     ;
+----------------+---------+----------------------------------------------------------------------------------------------------------+
; RESOLUTION     ; 160x120 ; String                                                                                                   ;
+----------------+---------+----------------------------------------------------------------------------------------------------------+
Note: In order to hide this table in the UI and the text report file, please set the "Show Parameter Settings in Synthesis Report" option in "Analysis and Synthesis Settings -> More Settings" to "Off".


+----------------------------------------------------------------------------------------------------------------------------------------+
; Port Connectivity Checks: "RateDivider:RD"                                                                                             ;
+---------+--------+----------+----------------------------------------------------------------------------------------------------------+
; Port    ; Type   ; Severity ; Details                                                                                                  ;
+---------+--------+----------+----------------------------------------------------------------------------------------------------------+
; rate[1] ; Input  ; Info     ; Stuck at GND                                                                                             ;
; rate[0] ; Input  ; Info     ; Stuck at VCC                                                                                             ;
; count   ; Output ; Warning  ; Declared by entity but not connected by instance. Logic that only feeds a dangling port will be removed. ;
+---------+--------+----------+----------------------------------------------------------------------------------------------------------+


+--------------------------------------------------------------------------------------------------------------------------+
; Port Connectivity Checks: "datapath:gameModule|LFSR_random_number:r"                                                     ;
+----------------+--------+----------+-------------------------------------------------------------------------------------+
; Port           ; Type   ; Severity ; Details                                                                             ;
+----------------+--------+----------+-------------------------------------------------------------------------------------+
; ran_num[15..2] ; Output ; Info     ; Connected to dangling logic. Logic that only feeds a dangling port will be removed. ;
+----------------+--------+----------+-------------------------------------------------------------------------------------+


+-----------------------------------------------------------------------------------------------------------------+
; Port Connectivity Checks: "datapath:gameModule|RateDivider:RD"                                                  ;
+-------+--------+----------+-------------------------------------------------------------------------------------+
; Port  ; Type   ; Severity ; Details                                                                             ;
+-------+--------+----------+-------------------------------------------------------------------------------------+
; count ; Output ; Info     ; Connected to dangling logic. Logic that only feeds a dangling port will be removed. ;
+-------+--------+----------+-------------------------------------------------------------------------------------+


+---------------------------------------------+
; Port Connectivity Checks: "vga_adapter:VGA" ;
+------+-------+----------+-------------------+
; Port ; Type  ; Severity ; Details           ;
+------+-------+----------+-------------------+
; plot ; Input ; Info     ; Stuck at VCC      ;
+------+-------+----------+-------------------+


+-------------------------------+
; Analysis & Synthesis Messages ;
+-------------------------------+
Info: *******************************************************************
Info: Running Quartus Prime Analysis & Synthesis
    Info: Version 17.1.0 Build 590 10/25/2017 SJ Lite Edition
    Info: Processing started: Wed Mar 28 14:52:26 2018
Info: Command: quartus_map --read_settings_files=on --write_settings_files=off whack_a_mole -c whack_a_mole
Warning (18236): Number of processors has not been specified which may cause overloading on shared machines.  Set the global assignment NUM_PARALLEL_PROCESSORS in your QSF to an appropriate value for best performance.
Info (20030): Parallel compilation is enabled and will use 2 of the 2 processors detected
Info (12021): Found 1 design units, including 1 entities, in source file score.v
    Info (12023): Found entity 1: high_score_tracker File: C:/Ram/UTSC/Winter 2018/CSCB58/project_1/score.v Line: 1
Info (12021): Found 1 design units, including 1 entities, in source file lfsr_random_number.v
    Info (12023): Found entity 1: LFSR_random_number File: C:/Ram/UTSC/Winter 2018/CSCB58/project_1/LFSR_random_number.v Line: 1
Info (12021): Found 1 design units, including 1 entities, in source file vga_adapter/vga_pll.v
    Info (12023): Found entity 1: vga_pll File: C:/Ram/UTSC/Winter 2018/CSCB58/project_1/vga_adapter/vga_pll.v Line: 36
Info (12021): Found 1 design units, including 1 entities, in source file vga_adapter/vga_controller.v
    Info (12023): Found entity 1: vga_controller File: C:/Ram/UTSC/Winter 2018/CSCB58/project_1/vga_adapter/vga_controller.v Line: 9
Info (12021): Found 1 design units, including 1 entities, in source file vga_adapter/vga_address_translator.v
    Info (12023): Found entity 1: vga_address_translator File: C:/Ram/UTSC/Winter 2018/CSCB58/project_1/vga_adapter/vga_address_translator.v Line: 4
Info (12021): Found 1 design units, including 1 entities, in source file vga_adapter/vga_adapter.v
    Info (12023): Found entity 1: vga_adapter File: C:/Ram/UTSC/Winter 2018/CSCB58/project_1/vga_adapter/vga_adapter.v Line: 78
Info (12021): Found 8 design units, including 8 entities, in source file whack_a_mole_demo2.v
    Info (12023): Found entity 1: whack_a_mole File: C:/Ram/UTSC/Winter 2018/CSCB58/project_1/whack_a_mole_demo2.v Line: 1
    Info (12023): Found entity 2: control File: C:/Ram/UTSC/Winter 2018/CSCB58/project_1/whack_a_mole_demo2.v Line: 196
    Info (12023): Found entity 3: datapath File: C:/Ram/UTSC/Winter 2018/CSCB58/project_1/whack_a_mole_demo2.v Line: 258
    Info (12023): Found entity 4: display_mole File: C:/Ram/UTSC/Winter 2018/CSCB58/project_1/whack_a_mole_demo2.v Line: 404
    Info (12023): Found entity 5: mole_to_vga_LUT File: C:/Ram/UTSC/Winter 2018/CSCB58/project_1/whack_a_mole_demo2.v Line: 622
    Info (12023): Found entity 6: RateDivider File: C:/Ram/UTSC/Winter 2018/CSCB58/project_1/whack_a_mole_demo2.v Line: 655
    Info (12023): Found entity 7: GameTimer File: C:/Ram/UTSC/Winter 2018/CSCB58/project_1/whack_a_mole_demo2.v Line: 693
    Info (12023): Found entity 8: hex_decoder File: C:/Ram/UTSC/Winter 2018/CSCB58/project_1/whack_a_mole_demo2.v Line: 728
Info (12127): Elaborating entity "whack_a_mole" for the top level hierarchy
Warning (10034): Output port "LEDR[17..4]" at whack_a_mole_demo2.v(25) has no driver File: C:/Ram/UTSC/Winter 2018/CSCB58/project_1/whack_a_mole_demo2.v Line: 25
Info (12128): Elaborating entity "vga_adapter" for hierarchy "vga_adapter:VGA" File: C:/Ram/UTSC/Winter 2018/CSCB58/project_1/whack_a_mole_demo2.v Line: 62
Info (12128): Elaborating entity "vga_address_translator" for hierarchy "vga_adapter:VGA|vga_address_translator:user_input_translator" File: C:/Ram/UTSC/Winter 2018/CSCB58/project_1/vga_adapter/vga_adapter.v Line: 192
Info (12128): Elaborating entity "altsyncram" for hierarchy "vga_adapter:VGA|altsyncram:VideoMemory" File: C:/Ram/UTSC/Winter 2018/CSCB58/project_1/vga_adapter/vga_adapter.v Line: 213
Info (12130): Elaborated megafunction instantiation "vga_adapter:VGA|altsyncram:VideoMemory" File: C:/Ram/UTSC/Winter 2018/CSCB58/project_1/vga_adapter/vga_adapter.v Line: 213
Info (12133): Instantiated megafunction "vga_adapter:VGA|altsyncram:VideoMemory" with the following parameter: File: C:/Ram/UTSC/Winter 2018/CSCB58/project_1/vga_adapter/vga_adapter.v Line: 213
    Info (12134): Parameter "WIDTH_A" = "3"
    Info (12134): Parameter "WIDTH_B" = "3"
    Info (12134): Parameter "INTENDED_DEVICE_FAMILY" = "Cyclone II"
    Info (12134): Parameter "OPERATION_MODE" = "DUAL_PORT"
    Info (12134): Parameter "WIDTHAD_A" = "15"
    Info (12134): Parameter "NUMWORDS_A" = "19200"
    Info (12134): Parameter "WIDTHAD_B" = "15"
    Info (12134): Parameter "NUMWORDS_B" = "19200"
    Info (12134): Parameter "OUTDATA_REG_B" = "CLOCK1"
    Info (12134): Parameter "ADDRESS_REG_B" = "CLOCK1"
    Info (12134): Parameter "CLOCK_ENABLE_INPUT_A" = "BYPASS"
    Info (12134): Parameter "CLOCK_ENABLE_INPUT_B" = "BYPASS"
    Info (12134): Parameter "CLOCK_ENABLE_OUTPUT_B" = "BYPASS"
    Info (12134): Parameter "POWER_UP_UNINITIALIZED" = "FALSE"
    Info (12134): Parameter "INIT_FILE" = "background.mif"
Info (12021): Found 1 design units, including 1 entities, in source file db/altsyncram_9hg1.tdf
    Info (12023): Found entity 1: altsyncram_9hg1 File: C:/Ram/UTSC/Winter 2018/CSCB58/project_1/db/altsyncram_9hg1.tdf Line: 33
Info (12128): Elaborating entity "altsyncram_9hg1" for hierarchy "vga_adapter:VGA|altsyncram:VideoMemory|altsyncram_9hg1:auto_generated" File: c:/intelfpga_lite/17.1/quartus/libraries/megafunctions/altsyncram.tdf Line: 791
Info (12021): Found 1 design units, including 1 entities, in source file db/decode_lsa.tdf
    Info (12023): Found entity 1: decode_lsa File: C:/Ram/UTSC/Winter 2018/CSCB58/project_1/db/decode_lsa.tdf Line: 22
Info (12128): Elaborating entity "decode_lsa" for hierarchy "vga_adapter:VGA|altsyncram:VideoMemory|altsyncram_9hg1:auto_generated|decode_lsa:decode2" File: C:/Ram/UTSC/Winter 2018/CSCB58/project_1/db/altsyncram_9hg1.tdf Line: 46
Info (12021): Found 1 design units, including 1 entities, in source file db/decode_e8a.tdf
    Info (12023): Found entity 1: decode_e8a File: C:/Ram/UTSC/Winter 2018/CSCB58/project_1/db/decode_e8a.tdf Line: 22
Info (12128): Elaborating entity "decode_e8a" for hierarchy "vga_adapter:VGA|altsyncram:VideoMemory|altsyncram_9hg1:auto_generated|decode_e8a:rden_decode_b" File: C:/Ram/UTSC/Winter 2018/CSCB58/project_1/db/altsyncram_9hg1.tdf Line: 47
Info (12021): Found 1 design units, including 1 entities, in source file db/mux_0nb.tdf
    Info (12023): Found entity 1: mux_0nb File: C:/Ram/UTSC/Winter 2018/CSCB58/project_1/db/mux_0nb.tdf Line: 22
Info (12128): Elaborating entity "mux_0nb" for hierarchy "vga_adapter:VGA|altsyncram:VideoMemory|altsyncram_9hg1:auto_generated|mux_0nb:mux3" File: C:/Ram/UTSC/Winter 2018/CSCB58/project_1/db/altsyncram_9hg1.tdf Line: 49
Info (12128): Elaborating entity "vga_pll" for hierarchy "vga_adapter:VGA|vga_pll:mypll" File: C:/Ram/UTSC/Winter 2018/CSCB58/project_1/vga_adapter/vga_adapter.v Line: 231
Info (12128): Elaborating entity "altpll" for hierarchy "vga_adapter:VGA|vga_pll:mypll|altpll:altpll_component" File: C:/Ram/UTSC/Winter 2018/CSCB58/project_1/vga_adapter/vga_pll.v Line: 53
Info (12130): Elaborated megafunction instantiation "vga_adapter:VGA|vga_pll:mypll|altpll:altpll_component" File: C:/Ram/UTSC/Winter 2018/CSCB58/project_1/vga_adapter/vga_pll.v Line: 53
Info (12133): Instantiated megafunction "vga_adapter:VGA|vga_pll:mypll|altpll:altpll_component" with the following parameter: File: C:/Ram/UTSC/Winter 2018/CSCB58/project_1/vga_adapter/vga_pll.v Line: 53
    Info (12134): Parameter "operation_mode" = "NORMAL"
    Info (12134): Parameter "intended_device_family" = "Cyclone II"
    Info (12134): Parameter "lpm_type" = "altpll"
    Info (12134): Parameter "pll_type" = "FAST"
    Info (12134): Parameter "inclk0_input_frequency" = "20000"
    Info (12134): Parameter "primary_clock" = "INCLK0"
    Info (12134): Parameter "compensate_clock" = "CLK0"
    Info (12134): Parameter "clk0_phase_shift" = "0"
    Info (12134): Parameter "clk0_divide_by" = "2"
    Info (12134): Parameter "clk0_multiply_by" = "1"
    Info (12134): Parameter "clk0_duty_cycle" = "50"
Info (12128): Elaborating entity "vga_controller" for hierarchy "vga_adapter:VGA|vga_controller:controller" File: C:/Ram/UTSC/Winter 2018/CSCB58/project_1/vga_adapter/vga_adapter.v Line: 252
Info (12128): Elaborating entity "control" for hierarchy "control:FSM" File: C:/Ram/UTSC/Winter 2018/CSCB58/project_1/whack_a_mole_demo2.v Line: 110
Info (12128): Elaborating entity "datapath" for hierarchy "datapath:gameModule" File: C:/Ram/UTSC/Winter 2018/CSCB58/project_1/whack_a_mole_demo2.v Line: 122
Warning (10230): Verilog HDL assignment warning at whack_a_mole_demo2.v(303): truncated value with size 32 to match size of target (2) File: C:/Ram/UTSC/Winter 2018/CSCB58/project_1/whack_a_mole_demo2.v Line: 303
Info (12128): Elaborating entity "RateDivider" for hierarchy "datapath:gameModule|RateDivider:RD" File: C:/Ram/UTSC/Winter 2018/CSCB58/project_1/whack_a_mole_demo2.v Line: 274
Warning (10230): Verilog HDL assignment warning at whack_a_mole_demo2.v(687): truncated value with size 32 to match size of target (1) File: C:/Ram/UTSC/Winter 2018/CSCB58/project_1/whack_a_mole_demo2.v Line: 687
Info (12128): Elaborating entity "LFSR_random_number" for hierarchy "datapath:gameModule|LFSR_random_number:r" File: C:/Ram/UTSC/Winter 2018/CSCB58/project_1/whack_a_mole_demo2.v Line: 278
Info (12128): Elaborating entity "GameTimer" for hierarchy "GameTimer:gametime" File: C:/Ram/UTSC/Winter 2018/CSCB58/project_1/whack_a_mole_demo2.v Line: 141
Info (12128): Elaborating entity "high_score_tracker" for hierarchy "high_score_tracker:highscore" File: C:/Ram/UTSC/Winter 2018/CSCB58/project_1/whack_a_mole_demo2.v Line: 148
Info (12128): Elaborating entity "display_mole" for hierarchy "display_mole:display" File: C:/Ram/UTSC/Winter 2018/CSCB58/project_1/whack_a_mole_demo2.v Line: 160
Info (12128): Elaborating entity "mole_to_vga_LUT" for hierarchy "display_mole:display|mole_to_vga_LUT:vga1" File: C:/Ram/UTSC/Winter 2018/CSCB58/project_1/whack_a_mole_demo2.v Line: 417
Info (10264): Verilog HDL Case Statement information at whack_a_mole_demo2.v(629): all case item expressions in this case statement are onehot File: C:/Ram/UTSC/Winter 2018/CSCB58/project_1/whack_a_mole_demo2.v Line: 629
Info (12128): Elaborating entity "hex_decoder" for hierarchy "hex_decoder:H0" File: C:/Ram/UTSC/Winter 2018/CSCB58/project_1/whack_a_mole_demo2.v Line: 166
Error (12014): Net "x[7]", which fans out to "vga_adapter:VGA|x[7]", cannot be assigned more than one value File: C:/Ram/UTSC/Winter 2018/CSCB58/project_1/whack_a_mole_demo2.v Line: 40
    Error (12015): Net is fed by "GND"
    Error (12015): Net is fed by "display_mole:display|x[7]" File: C:/Ram/UTSC/Winter 2018/CSCB58/project_1/whack_a_mole_demo2.v Line: 423
Error (12014): Net "x[6]", which fans out to "vga_adapter:VGA|x[6]", cannot be assigned more than one value File: C:/Ram/UTSC/Winter 2018/CSCB58/project_1/whack_a_mole_demo2.v Line: 40
    Error (12015): Net is fed by "GND"
    Error (12015): Net is fed by "display_mole:display|x[6]" File: C:/Ram/UTSC/Winter 2018/CSCB58/project_1/whack_a_mole_demo2.v Line: 423
Error (12014): Net "x[5]", which fans out to "vga_adapter:VGA|x[5]", cannot be assigned more than one value File: C:/Ram/UTSC/Winter 2018/CSCB58/project_1/whack_a_mole_demo2.v Line: 40
    Error (12015): Net is fed by "GND"
    Error (12015): Net is fed by "display_mole:display|x[5]" File: C:/Ram/UTSC/Winter 2018/CSCB58/project_1/whack_a_mole_demo2.v Line: 423
Error (12014): Net "x[4]", which fans out to "vga_adapter:VGA|x[4]", cannot be assigned more than one value File: C:/Ram/UTSC/Winter 2018/CSCB58/project_1/whack_a_mole_demo2.v Line: 40
    Error (12015): Net is fed by "GND"
    Error (12015): Net is fed by "display_mole:display|x[4]" File: C:/Ram/UTSC/Winter 2018/CSCB58/project_1/whack_a_mole_demo2.v Line: 423
Error (12014): Net "x[3]", which fans out to "vga_adapter:VGA|x[3]", cannot be assigned more than one value File: C:/Ram/UTSC/Winter 2018/CSCB58/project_1/whack_a_mole_demo2.v Line: 40
    Error (12015): Net is fed by "GND"
    Error (12015): Net is fed by "display_mole:display|x[3]" File: C:/Ram/UTSC/Winter 2018/CSCB58/project_1/whack_a_mole_demo2.v Line: 423
Error (12014): Net "x[2]", which fans out to "vga_adapter:VGA|x[2]", cannot be assigned more than one value File: C:/Ram/UTSC/Winter 2018/CSCB58/project_1/whack_a_mole_demo2.v Line: 40
    Error (12015): Net is fed by "GND"
    Error (12015): Net is fed by "display_mole:display|x[2]" File: C:/Ram/UTSC/Winter 2018/CSCB58/project_1/whack_a_mole_demo2.v Line: 423
Error (12014): Net "x[1]", which fans out to "vga_adapter:VGA|x[1]", cannot be assigned more than one value File: C:/Ram/UTSC/Winter 2018/CSCB58/project_1/whack_a_mole_demo2.v Line: 40
    Error (12015): Net is fed by "GND"
    Error (12015): Net is fed by "display_mole:display|x[1]" File: C:/Ram/UTSC/Winter 2018/CSCB58/project_1/whack_a_mole_demo2.v Line: 423
Error (12014): Net "x[0]", which fans out to "vga_adapter:VGA|x[0]", cannot be assigned more than one value File: C:/Ram/UTSC/Winter 2018/CSCB58/project_1/whack_a_mole_demo2.v Line: 40
    Error (12015): Net is fed by "GND"
    Error (12015): Net is fed by "display_mole:display|x[0]" File: C:/Ram/UTSC/Winter 2018/CSCB58/project_1/whack_a_mole_demo2.v Line: 423
Warning (12241): 1 hierarchies have connectivity warnings - see the Connectivity Checks report folder
Info (144001): Generated suppressed messages file C:/Ram/UTSC/Winter 2018/CSCB58/project_1/output_files/whack_a_mole.map.smsg
Error: Quartus Prime Analysis & Synthesis was unsuccessful. 24 errors, 5 warnings
    Error: Peak virtual memory: 652 megabytes
    Error: Processing ended: Wed Mar 28 14:52:52 2018
    Error: Elapsed time: 00:00:26
    Error: Total CPU time (on all processors): 00:01:01


+------------------------------------------+
; Analysis & Synthesis Suppressed Messages ;
+------------------------------------------+
The suppressed messages can be found in C:/Ram/UTSC/Winter 2018/CSCB58/project_1/output_files/whack_a_mole.map.smsg.


